<?xml version="1.0" encoding="UTF-8"?>
<testsuite name="CalculateFactorialTest" tests="3" skipped="0" failures="0" errors="0" timestamp="2022-07-25T09:53:48" hostname="Srashtis-MacBook-Pro.local" time="0.032">
  <properties/>
  <testcase name="CheckFactorialZero()" classname="CalculateFactorialTest" time="0.024"/>
  <testcase name="CheckFactorialOne()" classname="CalculateFactorialTest" time="0.0"/>
  <testcase name="CheckFactorialForOtherNumbers()" classname="CalculateFactorialTest" time="0.001"/>
  <system-out><![CDATA[]]></system-out>
  <system-err><![CDATA[]]></system-err>
</testsuite>
